1082824.184305946
[204.87804878 102.25609756  67.96747967  50.76219512  40.3902439
  33.43495935  28.43205575  24.64939024  21.6802168   19.2804878
  17.29490022  15.6199187   14.18386492  12.93554007  11.83739837
  10.86128049   9.9856528    9.19376694   8.47240051   7.81097561
   7.20092915   6.63525499   6.10816543   5.6148374    5.15121951
   4.71388368   4.29990967   3.90679443   3.53238015   3.17479675
   2.83241542   2.50381098   2.18773097   1.8830703    1.58885017
   1.30420054   1.02834542   0.7605905    0.5003127    0.24695122]
The solution converged.
35.557624101638794
1082824.184305946
[204.87804878 102.25609756  67.96747967  50.76219512  40.3902439
  33.43495935  28.43205575  24.64939024  21.6802168   19.2804878
  17.29490022  15.6199187   14.18386492  12.93554007  11.83739837
  10.86128049   9.9856528    9.19376694   8.47240051   7.81097561
   7.20092915   6.63525499   6.10816543   5.6148374    5.15121951
   4.71388368   4.29990967   3.90679443   3.53238015   3.17479675
   2.83241542   2.50381098   2.18773097   1.8830703    1.58885017
   1.30420054   1.02834542   0.7605905    0.5003127    0.24695122]
The solution converged.
78.76276183128357
