0.0 1 The solution converged. 19.631337642669678
0.25 1 The solution converged. 14.760741710662842
0.5 1 The solution converged. 15.232758522033691
0.75 1 The solution converged. 15.492737054824829
1.0 1 The solution converged. 16.402270555496216
0.5 0.7 1 10 10 1
[-1.00005381e+00 -1.00375848e+00 -1.04694899e+00 -1.19739013e+00
 -1.46573471e+00 -1.79362560e+00 -2.11216704e+00 -2.38026208e+00
 -2.58681851e+00 -2.73815512e+00 -1.06251925e+00 -1.11232246e+00
 -1.22941234e+00 -1.42747047e+00 -1.69035745e+00 -1.97658372e+00
 -2.24360839e+00 -2.46569193e+00 -2.63599680e+00 -2.75971597e+00
 -1.82397972e+00 -1.87675103e+00 -1.97594367e+00 -2.11038917e+00
 -2.26414139e+00 -2.41895648e+00 -2.55866581e+00 -2.67281089e+00
 -2.75761332e+00 -2.81435636e+00 -2.70374563e+00 -2.71729972e+00
 -2.74280841e+00 -2.77665401e+00 -2.81381880e+00 -2.84869067e+00
 -2.87597918e+00 -2.89151912e+00 -2.89269440e+00 -2.87818350e+00
 -3.16324782e+00 -3.16033707e+00 -3.15436690e+00 -3.14461825e+00
 -3.12991409e+00 -3.10876567e+00 -3.07953521e+00 -3.04058195e+00
 -2.99031996e+00 -2.92691578e+00 -3.29506241e+00 -3.28845805e+00
 -3.27525438e+00 -3.25516308e+00 -3.22763413e+00 -3.19189718e+00
 -3.14700317e+00 -3.09184713e+00 -3.02511522e+00 -2.94487946e+00
 -3.16324782e+00 -3.16033707e+00 -3.15436690e+00 -3.14461825e+00
 -3.12991409e+00 -3.10876567e+00 -3.07953521e+00 -3.04058195e+00
 -2.99031996e+00 -2.92691578e+00 -2.70374563e+00 -2.71729972e+00
 -2.74280841e+00 -2.77665401e+00 -2.81381880e+00 -2.84869067e+00
 -2.87597918e+00 -2.89151912e+00 -2.89269440e+00 -2.87818350e+00
 -1.82397972e+00 -1.87675103e+00 -1.97594367e+00 -2.11038917e+00
 -2.26414139e+00 -2.41895648e+00 -2.55866581e+00 -2.67281089e+00
 -2.75761332e+00 -2.81435636e+00 -1.06251925e+00 -1.11232246e+00
 -1.22941234e+00 -1.42747047e+00 -1.69035745e+00 -1.97658372e+00
 -2.24360839e+00 -2.46569193e+00 -2.63599680e+00 -2.75971597e+00
  2.03332346e+00  2.13621130e+00  2.31000847e+00  2.52953044e+00
  2.75676268e+00  2.99046602e+00  3.26175294e+00  3.60247613e+00
  4.02936588e+00  4.42979922e+00  2.03680368e+00  2.12152753e+00
  2.25837330e+00  2.41606417e+00  2.56600243e+00  2.70375768e+00
  2.85422691e+00  3.05478503e+00  3.33358485e+00  3.61138528e+00
  1.80619913e+00  1.81047170e+00  1.80867685e+00  1.78689574e+00
  1.73306595e+00  1.64552376e+00  1.54169131e+00  1.45507629e+00
  1.41996033e+00  1.43162670e+00  1.08894084e-01  7.45080802e-02
  8.14721387e-04 -1.13654808e-01 -2.70164161e-01 -4.67828907e-01
 -6.99256886e-01 -9.50072468e-01 -1.19817667e+00 -1.37178189e+00
 -2.25076705e+00 -2.27800149e+00 -2.33795083e+00 -2.43121569e+00
 -2.55933311e+00 -2.72632430e+00 -2.93752617e+00 -3.19833982e+00
 -3.50178725e+00 -3.72203502e+00 -3.23436024e+00 -3.25631861e+00
 -3.30541380e+00 -3.38272816e+00 -3.49082310e+00 -3.63626526e+00
 -3.82950856e+00 -4.08353573e+00 -4.39740349e+00 -4.62590091e+00
 -2.25076705e+00 -2.27800149e+00 -2.33795083e+00 -2.43121569e+00
 -2.55933311e+00 -2.72632430e+00 -2.93752617e+00 -3.19833982e+00
 -3.50178725e+00 -3.72203502e+00  1.08894084e-01  7.45080802e-02
  8.14721387e-04 -1.13654808e-01 -2.70164161e-01 -4.67828907e-01
 -6.99256886e-01 -9.50072468e-01 -1.19817667e+00 -1.37178189e+00
  1.80619913e+00  1.81047170e+00  1.80867685e+00  1.78689574e+00
  1.73306595e+00  1.64552376e+00  1.54169131e+00  1.45507629e+00
  1.41996033e+00  1.43162670e+00  2.03680368e+00  2.12152753e+00
  2.25837330e+00  2.41606417e+00  2.56600243e+00  2.70375768e+00
  2.85422691e+00  3.05478503e+00  3.33358485e+00  3.61138528e+00
 -1.68675937e-19 -4.14366042e-18 -2.82644393e-17 -2.22237482e-16
 -1.10147695e-15 -2.72209455e-15 -1.62733963e-15  1.32920662e-14
  2.78089391e-14  6.83459657e-13  5.66655358e-03  1.19734745e-02
  3.39099712e-02  7.93670220e-02  1.39830798e-01  1.59356689e-01
  4.97528057e-02 -2.19955028e-01 -6.75825397e-01 -1.45792344e+00
  2.86586139e-02  9.01302363e-02  1.48863164e-01  1.92500765e-01
  1.98865773e-01  1.23661098e-01 -1.01255997e-01 -5.15059610e-01
 -1.20699371e+00 -2.43134007e+00 -1.38039707e-02  2.13360976e-02
  3.84848196e-02  2.08538618e-02 -3.88333704e-02 -1.55905040e-01
 -3.69912186e-01 -7.26251330e-01 -1.35157350e+00 -2.52110593e+00
 -3.95772307e-02 -5.22526973e-02 -7.32158120e-02 -1.11340445e-01
 -1.66610100e-01 -2.42204999e-01 -3.58060750e-01 -5.47357576e-01
 -9.02040070e-01 -1.59972623e+00 -1.29082320e-15 -1.54617693e-16
  2.47939421e-15  6.80367313e-15  1.01689826e-14  7.64948234e-15
 -1.94264439e-14 -7.06962620e-14 -1.82042293e-13  7.38774575e-13
  3.95772307e-02  5.22526973e-02  7.32158120e-02  1.11340445e-01
  1.66610100e-01  2.42204999e-01  3.58060750e-01  5.47357576e-01
  9.02040070e-01  1.59972623e+00  1.38039707e-02 -2.13360976e-02
 -3.84848196e-02 -2.08538618e-02  3.88333704e-02  1.55905040e-01
  3.69912186e-01  7.26251330e-01  1.35157350e+00  2.52110593e+00
 -2.86586139e-02 -9.01302363e-02 -1.48863164e-01 -1.92500765e-01
 -1.98865773e-01 -1.23661098e-01  1.01255997e-01  5.15059610e-01
  1.20699371e+00  2.43134007e+00 -5.66655358e-03 -1.19734745e-02
 -3.39099712e-02 -7.93670220e-02 -1.39830798e-01 -1.59356689e-01
 -4.97528057e-02  2.19955028e-01  6.75825397e-01  1.45792344e+00
  4.08158057e+00  4.07774150e+00  4.03297686e+00  3.87241155e+00
  3.55108048e+00  3.07541130e+00  2.48692895e+00  1.83748897e+00
  1.17370633e+00  5.36899534e-01  4.02559147e+00  3.97745221e+00
  3.85777632e+00  3.63349057e+00  3.28573867e+00  2.82226254e+00
  2.27336271e+00  1.67842824e+00  1.07518516e+00  4.97176076e-01
  3.34255369e+00  3.26146499e+00  3.10006276e+00  2.85856044e+00
  2.54130780e+00  2.16006153e+00  1.73375155e+00  1.28484598e+00
  8.34593025e-01  3.99941815e-01  2.10562518e+00  2.05193485e+00
  1.94669784e+00  1.79377136e+00  1.59891795e+00  1.36987726e+00
  1.11595996e+00  8.46909706e-01  5.71040222e-01  2.92447817e-01
  1.18584060e+00  1.16021483e+00  1.10946111e+00  1.03489419e+00
  9.38534413e-01  8.22949548e-01  6.91017599e-01  5.45466877e-01
  3.87857458e-01  2.15522439e-01  8.92813824e-01  8.75779526e-01
  8.41795695e-01  7.91379414e-01  7.25391339e-01  6.44908439e-01
  5.51052849e-01  4.44652856e-01  3.25365612e-01  1.88480772e-01
  1.18584060e+00  1.16021483e+00  1.10946111e+00  1.03489419e+00
  9.38534413e-01  8.22949548e-01  6.91017599e-01  5.45466877e-01
  3.87857458e-01  2.15522439e-01  2.10562518e+00  2.05193485e+00
  1.94669784e+00  1.79377136e+00  1.59891795e+00  1.36987726e+00
  1.11595996e+00  8.46909706e-01  5.71040222e-01  2.92447817e-01
  3.34255369e+00  3.26146499e+00  3.10006276e+00  2.85856044e+00
  2.54130780e+00  2.16006153e+00  1.73375155e+00  1.28484598e+00
  8.34593025e-01  3.99941815e-01  4.02559147e+00  3.97745221e+00
  3.85777632e+00  3.63349057e+00  3.28573867e+00  2.82226254e+00
  2.27336271e+00  1.67842824e+00  1.07518516e+00  4.97176076e-01]
