iteration 1, error = 0.21941615201463863
iteration 2, error = 0.007799228976641546
iteration 3, error = 2.1237279328890754e-05
iteration 4, error = 2.0863463089243798e-10
Elapsed time for electrostatic solution:  3.475248336791992
iteration 1, error = 19.58247752490228
iteration 2, error = 5.082439527505122
iteration 3, error = 1.9075946095937413
iteration 4, error = 0.06882768251782836
iteration 5, error = 0.0005668475148585421
iteration 6, error = 1.6995464139531708e-08
Elapsed time for magnetostatic solution:  14.879128456115723
Saved: 1 0 1 1 85 85 1/0 
iteration 1, error = 2.6115755935247464
iteration 2, error = 0.012321582596348654
iteration 3, error = 0.00029149350179546297
iteration 4, error = 7.805378221132213e-08
Elapsed time for magnetostatic solution:  11.597479820251465
Saved: 1 1 1 1 85 85 1/1 1/0 
iteration 1, error = 2.2580176932146934
iteration 2, error = 0.03091213851709591
iteration 3, error = 0.0022513202621372683
iteration 4, error = 1.9066413575310958e-05
iteration 5, error = 4.4920307012985395e-08
Elapsed time for magnetostatic solution:  13.432637453079224
Saved: 1 2 1 1 85 85 1/2 1/1 
iteration 1, error = 1.9633421603597785
iteration 2, error = 0.042840511631734864
iteration 3, error = 0.000263343616570467
iteration 4, error = 3.402642637670304e-08
Elapsed time for magnetostatic solution:  11.57848310470581
Saved: 1 3 1 1 85 85 1/3 1/2 
iteration 1, error = 1.7412485953199304
iteration 2, error = 0.07723831847133464
iteration 3, error = 0.00019145934647971642
iteration 4, error = 1.3674923525585457e-07
iteration 5, error = 2.7294908321421422e-09
Elapsed time for magnetostatic solution:  13.443994998931885
Saved: 1 4 1 1 85 85 1/4 1/3 
iteration 1, error = 1.6335657618705393
iteration 2, error = 0.1459341230331931
iteration 3, error = 0.002130046002725735
iteration 4, error = 3.093377060120416e-07
iteration 5, error = 8.720019979053528e-10
Elapsed time for magnetostatic solution:  13.444211483001709
Saved: 1 5 1 1 85 85 1/5 1/4 
iteration 1, error = 1.7075406627128247
iteration 2, error = 0.31584924061252534
iteration 3, error = 0.013020731378408153
iteration 4, error = 2.3199374498022073e-05
iteration 5, error = 1.7521908506626797e-08
Elapsed time for magnetostatic solution:  13.465678215026855
Saved: 1 6 1 1 85 85 1/6 1/5 
iteration 1, error = 1.7267731324458677
iteration 2, error = 0.5160559349200569
iteration 3, error = 0.04230726429252493
iteration 4, error = 0.00027905325103076077
iteration 5, error = 1.5862629827148017e-08
Elapsed time for magnetostatic solution:  13.442223072052002
Saved: 1 7 1 1 85 85 1/7 1/6 
iteration 1, error = 1.2354875540117833
iteration 2, error = 0.3178021090692133
iteration 3, error = 0.01810718371631879
iteration 4, error = 5.4665844759846174e-05
iteration 5, error = 3.1516880879927808e-09
Elapsed time for magnetostatic solution:  13.448911190032959
Saved: 1 8 1 1 85 85 1/8 1/7 
iteration 1, error = 0.9339429164823316
iteration 2, error = 0.11431194625080994
iteration 3, error = 0.0025663584239627125
iteration 4, error = 1.3329844313467841e-06
iteration 5, error = 3.0612317486948437e-09
Elapsed time for magnetostatic solution:  13.445334434509277
Saved: 1 9 1 1 85 85 1/9 1/8 
iteration 1, error = 0.8361138339875231
iteration 2, error = 0.051478138113516786
iteration 3, error = 0.000467580850138509
iteration 4, error = 5.068252272472572e-08
Elapsed time for magnetostatic solution:  11.58247709274292
Saved: 1 10 1 1 85 85 1/10 1/9 
iteration 1, error = 0.7684725911923693
iteration 2, error = 0.038438009955970506
iteration 3, error = 0.00019491398582066865
iteration 4, error = 8.87603182270805e-09
Elapsed time for magnetostatic solution:  11.58613133430481
Saved: 1 11 1 1 85 85 1/11 1/10 
iteration 1, error = 0.6950825699383211
iteration 2, error = 0.03295011265755711
iteration 3, error = 0.00013564138335578934
iteration 4, error = 1.7881859663217658e-08
Elapsed time for magnetostatic solution:  11.576163530349731
Saved: 1 12 1 1 85 85 1/12 1/11 
iteration 1, error = 0.6149165866256374
iteration 2, error = 0.02827493339800109
iteration 3, error = 0.00011038360631109565
iteration 4, error = 4.081662795253305e-09
Elapsed time for magnetostatic solution:  11.567461967468262
Saved: 1 13 1 1 85 85 1/13 1/12 
iteration 1, error = 0.5326610650112084
iteration 2, error = 0.023717020836016837
iteration 3, error = 8.991614915860072e-05
iteration 4, error = 4.392086035068764e-09
Elapsed time for magnetostatic solution:  11.588456869125366
Saved: 1 14 1 1 85 85 1/14 1/13 
iteration 1, error = 0.4543017906799312
iteration 2, error = 0.01933410109195507
iteration 3, error = 6.915167049009944e-05
iteration 4, error = 2.7350047731122833e-09
Elapsed time for magnetostatic solution:  11.59658432006836
Saved: 1 15 1 1 85 85 1/15 1/14 
iteration 1, error = 0.3852702256464083
iteration 2, error = 0.015417265626969465
iteration 3, error = 5.0001152758129454e-05
iteration 4, error = 1.4408885022844215e-09
Elapsed time for magnetostatic solution:  11.583407402038574
Saved: 1 16 1 1 85 85 1/16 1/15 
iteration 1, error = 0.327832954642528
iteration 2, error = 0.012143495098025791
iteration 3, error = 3.526530104472972e-05
iteration 4, error = 1.1476328938386108e-09
Elapsed time for magnetostatic solution:  11.57094430923462
Saved: 1 17 1 1 85 85 1/17 1/16 
iteration 1, error = 0.2803683937287831
iteration 2, error = 0.009509392892661336
iteration 3, error = 2.532480657609691e-05
iteration 4, error = 4.079861454978788e-10
Elapsed time for magnetostatic solution:  11.582710027694702
Saved: 1 18 1 1 85 85 1/18 1/17 
iteration 1, error = 0.23996615784395217
iteration 2, error = 0.007435176345648114
iteration 3, error = 1.8783828878612546e-05
iteration 4, error = 3.625630523125682e-10
Elapsed time for magnetostatic solution:  11.58703351020813
Saved: 1 19 1 1 85 85 1/19 1/18 
