iteration 1, error = 124.93987613354798
iteration 2, error = 4.977993411572556
iteration 3, error = 0.0607655591223211
iteration 4, error = 6.548201074096465e-06
Elapsed time for electrostatic solution:  4.184130668640137
iteration 1, error = 2365.56541751547
iteration 2, error = 1616.0732933221088
iteration 3, error = 738.1842845852677
iteration 4, error = 407.73980305344384
iteration 5, error = 658.7025007668176
iteration 6, error = 203.81684785238713
iteration 7, error = 54.75595968795189
iteration 8, error = 2.1154809741980736
iteration 9, error = 0.005361190833961117
iteration 10, error = 6.968826543962481e-07
Elapsed time for magnetostatic solution:  22.712748050689697
Saved: 0 0 1 1 85 85 0/0 
flux without 00 6.254294869889097
full flux: 6.264324976354175
8.04267954826355
iteration 1, error = 50.368691977832654
iteration 2, error = 22.73857372223028
iteration 3, error = 0.9657569466657707
iteration 4, error = 0.002467931905034831
iteration 5, error = 6.939855876198542e-08
Elapsed time for magnetostatic solution:  13.720795154571533
Saved: 0 1 1 1 85 85 0/1 0/0 
flux without 00 6.249404145261537
full flux: 6.258446115009833
8.038227081298828
iteration 1, error = 42.609876727547444
iteration 2, error = 18.44780983487959
iteration 3, error = 0.6477348800092035
iteration 4, error = 0.0011773199192513272
iteration 5, error = 4.6705109401610346e-07
Elapsed time for magnetostatic solution:  13.714186191558838
Saved: 0 2 1 1 85 85 0/2 0/1 
flux without 00 6.246194791952095
full flux: 6.254734973851705
8.093926191329956
iteration 1, error = 36.52927931786347
iteration 2, error = 15.002985065830957
iteration 3, error = 0.43557893544644477
iteration 4, error = 0.0005578553803046404
iteration 5, error = 2.1758069486884233e-06
Elapsed time for magnetostatic solution:  13.719514608383179
Saved: 0 3 1 1 85 85 0/3 0/2 
flux without 00 6.244141945189739
full flux: 6.252480490112434
8.03677773475647
iteration 1, error = 31.69742061291516
iteration 2, error = 12.225758784772541
iteration 3, error = 0.2933890406376505
iteration 4, error = 0.00026287848277994154
iteration 5, error = 5.987082870982312e-08
Elapsed time for magnetostatic solution:  13.756549596786499
Saved: 0 4 1 1 85 85 0/4 0/3 
flux without 00 6.242894736623626
full flux: 6.25122137307547
8.0313241481781
iteration 1, error = 27.799557499053893
iteration 2, error = 9.975349928202895
iteration 3, error = 0.19765190006405522
iteration 4, error = 0.00012315066135135713
iteration 5, error = 1.1033109133711614e-07
Elapsed time for magnetostatic solution:  13.713045597076416
Saved: 0 5 1 1 85 85 0/5 0/4 
flux without 00 6.2422158485005435
full flux: 6.250651520640715
8.050715208053589
iteration 1, error = 24.60844188639655
iteration 2, error = 8.143298809066708
iteration 3, error = 0.13298842726840496
iteration 4, error = 5.7314282650604847e-05
iteration 5, error = 4.520596568937297e-07
Elapsed time for magnetostatic solution:  13.720885515213013
Saved: 0 6 1 1 85 85 0/6 0/5 
flux without 00 6.241942439774008
full flux: 6.250562568636995
8.04490876197815
iteration 1, error = 21.961147703087626
iteration 2, error = 6.646878849071086
iteration 3, error = 0.0892721607644775
iteration 4, error = 2.650104024454461e-05
iteration 5, error = 1.8868936195962696e-07
Elapsed time for magnetostatic solution:  13.733741521835327
Saved: 0 7 1 1 85 85 0/7 0/6 
flux without 00 6.241961075485549
full flux: 6.250809170907182
8.028568267822266
iteration 1, error = 19.740273351847264
iteration 2, error = 5.4226901174156
iteration 3, error = 0.059755232687898015
iteration 4, error = 1.219325646483198e-05
iteration 5, error = 7.745362538758928e-08
Elapsed time for magnetostatic solution:  13.720996141433716
Saved: 0 8 1 1 85 85 0/8 0/7 
flux without 00 6.242191582665935
full flux: 6.251287851302756
8.051836252212524
iteration 1, error = 17.859618548101803
iteration 2, error = 4.421301682939914
iteration 3, error = 0.039883991238793264
iteration 4, error = 5.6010682800761124e-06
Elapsed time for magnetostatic solution:  11.834039211273193
Saved: 0 9 1 1 85 85 0/9 0/8 
flux without 00 6.24257654808571
full flux: 6.2519238910085
8.02662444114685
iteration 1, error = 16.254008792370932
iteration 2, error = 3.6032396136734115
iteration 3, error = 0.026556739949801993
iteration 4, error = 2.6472930055487206e-06
Elapsed time for magnetostatic solution:  11.810937643051147
Saved: 0 10 1 1 85 85 0/10 0/9 
flux without 00 6.243074385950077
full flux: 6.252662964769337
8.043635606765747
iteration 1, error = 14.872590301584575
iteration 2, error = 2.9362435241498415
iteration 3, error = 0.0176523863464871
iteration 4, error = 1.2003186984556502e-06
Elapsed time for magnetostatic solution:  11.816234350204468
Saved: 0 11 1 1 85 85 0/11 0/10 
flux without 00 6.243654681806845
full flux: 6.253465592604596
8.047789096832275
iteration 1, error = 13.674707561012163
iteration 2, error = 2.39351661375311
iteration 3, error = 0.01172226765050221
iteration 4, error = 5.720527015472023e-07
Elapsed time for magnetostatic solution:  11.810549974441528
Saved: 0 12 1 1 85 85 0/12 0/11 
flux without 00 6.244295006994308
full flux: 6.254303293027148
8.037721395492554
iteration 1, error = 12.627459915327787
iteration 2, error = 1.9526407396683994
iteration 3, error = 0.00778190834621544
iteration 4, error = 4.164860571985787e-07
Elapsed time for magnetostatic solution:  11.833740472793579
Saved: 0 13 1 1 85 85 0/13 0/12 
flux without 00 6.244978698726406
full flux: 6.255155798957815
8.02172303199768
iteration 1, error = 11.704197416194338
iteration 2, error = 1.5948738428223987
iteration 3, error = 0.005166820991777173
iteration 4, error = 1.4780401174568064e-07
Elapsed time for magnetostatic solution:  11.829231262207031
Saved: 0 14 1 1 85 85 0/14 0/13 
flux without 00 6.245693290046674
full flux: 6.256008983706369
8.02197790145874
iteration 1, error = 10.883466163030851
iteration 2, error = 1.3046364087872933
iteration 3, error = 0.003431612122026789
iteration 4, error = 2.482193151518191e-07
Elapsed time for magnetostatic solution:  11.822054386138916
Saved: 0 15 1 1 85 85 0/15 0/14 
flux without 00 6.246429383153161
full flux: 6.256853282152855
8.039316415786743
iteration 1, error = 10.14814607662836
iteration 2, error = 1.069080824515002
iteration 3, error = 0.002279530172440395
iteration 4, error = 2.556741179410586e-07
Elapsed time for magnetostatic solution:  11.820256471633911
Saved: 0 16 1 1 85 85 0/16 0/15 
flux without 00 6.24717983559848
full flux: 6.257682488081599
8.026429176330566
iteration 1, error = 9.484682764944274
iteration 2, error = 0.8776994724577418
iteration 3, error = 0.0015137361395019006
iteration 4, error = 6.700387320824029e-07
Elapsed time for magnetostatic solution:  11.82044243812561
Saved: 0 17 1 1 85 85 0/17 0/16 
flux without 00 6.24793916551738
full flux: 6.258492831209621
8.026007175445557
iteration 1, error = 8.882395948069444
iteration 2, error = 0.721961408041709
iteration 3, error = 0.0010040175263152512
iteration 4, error = 4.7393222546202877e-07
Elapsed time for magnetostatic solution:  11.834309339523315
Saved: 0 18 1 1 85 85 0/18 0/17 
flux without 00 6.248703117778944
full flux: 6.259282281846725
8.041642189025879
iteration 1, error = 8.332873695060986
iteration 2, error = 0.5949809688428457
iteration 3, error = 0.0006643544013270327
iteration 4, error = 3.2986341910808134e-06
Elapsed time for magnetostatic solution:  11.815516710281372
Saved: 0 19 1 1 85 85 0/19 0/18 
flux without 00 6.249468346992456
full flux: 6.2600500301365365
8.023638248443604
iteration 1, error = 7.829461508389232
iteration 2, error = 0.49122377287983415
iteration 3, error = 0.0004377636787728853
iteration 4, error = 1.6200145382569296e-07
Elapsed time for magnetostatic solution:  12.16504979133606
Saved: 0 20 1 1 85 85 0/20 0/19 
flux without 00 6.250232181029816
full flux: 6.260796088182451
8.047504901885986
iteration 1, error = 7.366846628911539
iteration 2, error = 0.40625309517838204
iteration 3, error = 0.0002866715772784072
iteration 4, error = 1.5776147180049324e-07
Elapsed time for magnetostatic solution:  11.80676531791687
Saved: 0 21 1 1 85 85 0/21 0/20 
flux without 00 6.250992452121805
full flux: 6.26152101108379
8.029984951019287
iteration 1, error = 6.940729903425134
iteration 2, error = 0.3365163044356158
iteration 3, error = 0.00018604451592696533
iteration 4, error = 1.4091210707618278e-07
Elapsed time for magnetostatic solution:  11.829377174377441
Saved: 0 22 1 1 85 85 0/22 0/21 
flux without 00 6.251747368176796
full flux: 6.262225677843894
8.04697871208191
iteration 1, error = 6.54757294769879
iteration 2, error = 0.2791684932886893
iteration 3, error = 0.0001192420757393752
iteration 4, error = 1.6295144068437377e-07
Elapsed time for magnetostatic solution:  11.831075668334961
Saved: 0 23 1 1 85 85 0/23 0/22 
flux without 00 6.25249542269667
full flux: 6.26291114718888
8.032789707183838
iteration 1, error = 6.184406946753841
iteration 2, error = 0.23192897922658445
iteration 3, error = 7.515905280933175e-05
iteration 4, error = 9.20039131963803e-08
Elapsed time for magnetostatic solution:  11.819332361221313
Saved: 0 24 1 1 85 85 0/24 0/23 
flux without 00 6.253235326221933
full flux: 6.26357854535239
8.032124280929565
iteration 1, error = 5.848690155725292
iteration 2, error = 0.19296582371879925
iteration 3, error = 4.637147626400037e-05
iteration 4, error = 2.9455069202168398e-08
Elapsed time for magnetostatic solution:  11.823312282562256
Saved: 0 25 1 1 85 85 0/25 0/24 
flux without 00 6.253965958787328
full flux: 6.2642289953519885
8.030395746231079
iteration 1, error = 5.53820292796931
iteration 2, error = 0.16080360409273223
iteration 3, error = 2.7923478808706788e-05
iteration 4, error = 4.7186546769835236e-08
Elapsed time for magnetostatic solution:  11.80626893043518
Saved: 0 26 1 1 85 85 0/26 0/25 
flux without 00 6.254686333996397
full flux: 6.264863563594414
8.012491464614868
iteration 1, error = 5.2509711670223975
iteration 2, error = 0.13425010395322956
iteration 3, error = 1.653797934716248e-05
iteration 4, error = 2.4731696297447562e-08
Elapsed time for magnetostatic solution:  11.81763482093811
Saved: 0 27 1 1 85 85 0/27 0/26 
flux without 00 6.255395575209529
full flux: 6.265483230393735
8.037081718444824
iteration 1, error = 4.985211060558486
iteration 2, error = 0.11233816621896779
iteration 3, error = 1.008275995551115e-05
iteration 4, error = 3.118260718267509e-08
Elapsed time for magnetostatic solution:  11.820750951766968
Saved: 0 28 1 1 85 85 0/28 0/27 
flux without 00 6.256092897041402
full flux: 6.266088868431224
8.0115487575531
iteration 1, error = 4.739289625400452
iteration 2, error = 0.09427955823709351
iteration 3, error = 7.049146160903438e-06
Elapsed time for magnetostatic solution:  9.92845344543457
Saved: 0 29 1 1 85 85 0/29 0/28 
flux without 00 6.256777594366279
full flux: 6.266681236080075
8.012680530548096
iteration 1, error = 4.511696927349766
iteration 2, error = 0.0794282732010925
iteration 3, error = 5.956558233753657e-06
Elapsed time for magnetostatic solution:  9.91770052909851
Saved: 0 30 1 1 85 85 0/30 0/29 
flux without 00 6.257449033016215
full flux: 6.267260971765593
8.04309344291687
iteration 1, error = 4.3010268622602075
iteration 2, error = 0.06725121924830892
iteration 3, error = 5.514628469140018e-06
Elapsed time for magnetostatic solution:  9.934715270996094
Saved: 0 31 1 1 85 85 0/31 0/30 
flux without 00 6.258106646448452
full flux: 6.267828601643557
8.044490575790405
iteration 1, error = 4.105964149817588
iteration 2, error = 0.057304732171664305
iteration 3, error = 5.115624224566379e-06
Elapsed time for magnetostatic solution:  9.926527261734009
Saved: 0 32 1 1 85 85 0/32 0/31 
flux without 00 6.258749931120718
full flux: 6.268384544493257
8.024661779403687
iteration 1, error = 3.9252757569626215
iteration 2, error = 0.04921580305048901
iteration 3, error = 4.621048053283441e-06
Elapsed time for magnetostatic solution:  9.925750017166138
Saved: 0 33 1 1 85 85 0/33 0/32 
flux without 00 6.259378444217294
full flux: 6.268929118294842
7.993958950042725
iteration 1, error = 3.7578053879375584
iteration 2, error = 0.04266732373630014
iteration 3, error = 4.0507849096518855e-06
Elapsed time for magnetostatic solution:  9.921671152114868
Saved: 0 34 1 1 85 85 0/34 0/33 
flux without 00 6.259991802392535
full flux: 6.269462553343122
8.03955888748169
iteration 1, error = 3.6024699947292285
iteration 2, error = 0.03738696568340147
iteration 3, error = 3.4545292617127916e-06
Elapsed time for magnetostatic solution:  9.942200422286987
Saved: 0 35 1 1 85 85 0/35 0/34 
flux without 00 6.2605896804263494
full flux: 6.269985001362807
8.044954538345337
iteration 1, error = 3.4582575089314243
iteration 2, error = 0.03313941814571859
iteration 3, error = 2.875066564415409e-06
Elapsed time for magnetostatic solution:  9.914445638656616
Saved: 0 36 1 1 85 85 0/36 0/35 
flux without 00 6.261171812241062
full flux: 6.270496552963258
8.014579057693481
iteration 1, error = 3.3242251939566376
iteration 2, error = 0.02972155788793724
iteration 3, error = 2.341327258501199e-06
Elapsed time for magnetostatic solution:  9.919324398040771
Saved: 0 37 1 1 85 85 0/37 0/36 
flux without 00 6.2617379869451995
full flux: 6.2709972422853415
8.002732515335083
iteration 1, error = 3.199498180597261
iteration 2, error = 0.02695978035086037
iteration 3, error = 1.8701267863158409e-06
Elapsed time for magnetostatic solution:  9.914331197738647
Saved: 0 38 1 1 85 85 0/38 0/37 
flux without 00 6.262288049162004
full flux: 6.271487061636898
8.022927284240723
iteration 1, error = 3.0832678859495304
iteration 2, error = 0.024708435663664333
iteration 3, error = 1.4691358336127522e-06
Elapsed time for magnetostatic solution:  9.911261558532715
Saved: 0 39 1 1 85 85 0/39 0/38 
flux without 00 6.2628218977213175
full flux: 6.271965972432968
8.04488492012024
iteration 1, error = 2.9747901297613786
iteration 2, error = 0.02284833421108084
iteration 3, error = 1.140272191845163e-06
Elapsed time for magnetostatic solution:  9.92362928390503
Saved: 0 40 1 1 85 85 0/40 0/39 
flux without 00 6.263339482349041
full flux: 6.272433913305159
8.068236827850342
iteration 1, error = 2.873382855267593
iteration 2, error = 0.02128465373782976
iteration 3, error = 8.818537285452742e-07
Elapsed time for magnetostatic solution:  9.912011861801147
Saved: 0 41 1 1 85 85 0/41 0/40 
flux without 00 6.263840804256827
full flux: 6.272890813147275
8.029748678207397
iteration 1, error = 2.778423434035617
iteration 2, error = 0.019944090627984242
iteration 3, error = 6.900508090381808e-07
Elapsed time for magnetostatic solution:  9.913861274719238
Saved: 0 42 1 1 85 85 0/42 0/41 
flux without 00 6.264325909688177
full flux: 6.273336590288194
8.025501012802124
iteration 1, error = 2.6893455875828973
iteration 2, error = 0.018771491740209045
iteration 3, error = 5.586980192735024e-07
Elapsed time for magnetostatic solution:  9.915724277496338
Saved: 0 43 1 1 85 85 0/43 0/42 
flux without 00 6.264794891202523
full flux: 6.27377117092382
8.051825523376465
iteration 1, error = 2.6056359940452896
iteration 2, error = 0.017726358925540014
iteration 3, error = 4.778855711865671e-07
Elapsed time for magnetostatic solution:  9.922996759414673
Saved: 0 44 1 1 85 85 0/44 0/43 
flux without 00 6.26524788155324
full flux: 6.274194483897226
8.025492429733276
iteration 1, error = 2.526830668273376
iteration 2, error = 0.0167795756618027
iteration 3, error = 4.335093837261287e-07
Elapsed time for magnetostatic solution:  9.922466516494751
Saved: 0 45 1 1 85 85 0/45 0/44 
flux without 00 6.265685053146903
full flux: 6.274606474955999
8.013669967651367
iteration 1, error = 2.452511211037656
iteration 2, error = 0.015910572557565544
iteration 3, error = 4.1042332541398924e-07
Elapsed time for magnetostatic solution:  9.922347068786621
Saved: 0 46 1 1 85 85 0/46 0/45 
flux without 00 6.2661066106632415
full flux: 6.275007097659153
8.019668340682983
iteration 1, error = 2.3823010207360165
iteration 2, error = 0.015105014314504806
iteration 3, error = 3.966033922658421e-07
Elapsed time for magnetostatic solution:  9.925783634185791
Saved: 0 47 1 1 85 85 0/47 0/46 
flux without 00 6.266512794443199
full flux: 6.2753963352769535
8.052576065063477
iteration 1, error = 2.3158615518532373
iteration 2, error = 0.014352995849673332
iteration 3, error = 3.848101983042413e-07
Elapsed time for magnetostatic solution:  9.917784452438354
Saved: 0 48 1 1 85 85 0/48 0/47 
flux without 00 6.2669038706935165
full flux: 6.275774185213763
8.041467666625977
iteration 1, error = 2.2528886911817594
iteration 2, error = 0.01364768429701707
iteration 3, error = 3.7157679144494784e-07
Elapsed time for magnetostatic solution:  9.924364566802979
Saved: 0 49 1 1 85 85 0/49 0/48 
flux without 00 6.26728013125406
full flux: 6.276140668332304
8.00970458984375
iteration 1, error = 2.19310930768691
iteration 2, error = 0.012984325435898706
iteration 3, error = 3.5574097794959067e-07
Elapsed time for magnetostatic solution:  9.91879940032959
Saved: 0 50 1 1 85 85 0/50 0/49 
flux without 00 6.267641889491788
full flux: 6.276495828078396
8.052386045455933
iteration 1, error = 2.1362780165424966
iteration 2, error = 0.01235953432611744
iteration 3, error = 3.373510831104703e-07
Elapsed time for magnetostatic solution:  9.917049884796143
Saved: 0 51 1 1 85 85 0/51 0/50 
flux without 00 6.267989478183409
full flux: 6.276839732440202
8.033429384231567
iteration 1, error = 2.08217418355338
iteration 2, error = 0.011770800220352012
iteration 3, error = 3.169171736699379e-07
Elapsed time for magnetostatic solution:  9.92937183380127
Saved: 0 52 1 1 85 85 0/52 0/51 
flux without 00 6.268323246485836
full flux: 6.277172472208228
8.042930841445923
iteration 1, error = 2.030599183623453
iteration 2, error = 0.011216149001842422
iteration 3, error = 2.951925416391481e-07
Elapsed time for magnetostatic solution:  9.916861057281494
Saved: 0 53 1 1 85 85 0/53 0/52 
flux without 00 6.268643555323381
full flux: 6.277494159861748
8.012882471084595
iteration 1, error = 1.9813739164878699
iteration 2, error = 0.010693919011128181
iteration 3, error = 2.728787994950861e-07
Elapsed time for magnetostatic solution:  9.933793783187866
Saved: 0 54 1 1 85 85 0/54 0/53 
flux without 00 6.268950776563166
full flux: 6.277804928356525
8.030110836029053
iteration 1, error = 1.9343365747553085
iteration 2, error = 0.01020261704792221
iteration 3, error = 2.505813247595979e-07
Elapsed time for magnetostatic solution:  9.918345212936401
Saved: 0 55 1 1 85 85 0/55 0/54 
flux without 00 6.26924528855957
full flux: 6.278104927717395
8.048235416412354
iteration 1, error = 1.8893406532285213
iteration 2, error = 0.009740830032402443
iteration 3, error = 2.288196606120261e-07
Elapsed time for magnetostatic solution:  9.91736888885498
Saved: 0 56 1 1 85 85 0/56 0/55 
flux without 00 6.269527477992975
full flux: 6.278394332849651
8.072677373886108
iteration 1, error = 1.8462531843088457
iteration 2, error = 0.00930717456443547
iteration 3, error = 2.0798556006876516e-07
Elapsed time for magnetostatic solution:  9.911744832992554
Saved: 0 57 1 1 85 85 0/57 0/56 
flux without 00 6.269797731729238
full flux: 6.278673327102426
8.011505365371704
iteration 1, error = 1.8049531817282531
iteration 2, error = 0.008900271670336926
iteration 3, error = 1.883587609838164e-07
Elapsed time for magnetostatic solution:  9.914326906204224
Saved: 0 58 1 1 85 85 0/58 0/57 
flux without 00 6.270056439966181
full flux: 6.278942113634976
8.007494449615479
iteration 1, error = 1.7653302735933771
iteration 2, error = 0.008518737780150458
iteration 3, error = 1.7013844559555814e-07
Elapsed time for magnetostatic solution:  9.912827253341675
Saved: 0 59 1 1 85 85 0/59 0/58 
flux without 00 6.270303992113221
full flux: 6.2792009064149195
8.010497093200684
iteration 1, error = 1.7272835054604756
iteration 2, error = 0.008161185678327127
iteration 3, error = 1.5343737295674709e-07
Elapsed time for magnetostatic solution:  9.919218063354492
Saved: 0 60 1 1 85 85 0/60 0/59 
flux without 00 6.2705407754392635
full flux: 6.279449930059295
8.026042222976685
iteration 1, error = 1.6907202946446755
iteration 2, error = 0.007826231142838829
iteration 3, error = 1.3831195469100235e-07
Elapsed time for magnetostatic solution:  9.92158555984497
Saved: 0 61 1 1 85 85 0/61 0/60 
flux without 00 6.270767176602451
full flux: 6.279689426216551
8.042123079299927
iteration 1, error = 1.6555555179366537
iteration 2, error = 0.007512502386947655
iteration 3, error = 1.2477037068391197e-07
Elapsed time for magnetostatic solution:  9.909400224685669
Saved: 0 62 1 1 85 85 0/62 0/61 
flux without 00 6.27098357373472
full flux: 6.27991963246098
8.002158403396606
iteration 1, error = 1.621710716213045
iteration 2, error = 0.007218650398376553
iteration 3, error = 1.1278144790219778e-07
Elapsed time for magnetostatic solution:  9.915936470031738
Saved: 0 63 1 1 85 85 0/63 0/62 
flux without 00 6.271190342820278
full flux: 6.280140800893585
8.017210006713867
iteration 1, error = 1.5891134008975076
iteration 2, error = 0.0069433589734163
iteration 3, error = 1.0227280875158477e-07
Elapsed time for magnetostatic solution:  9.903396606445312
Saved: 0 64 1 1 85 85 0/64 0/63 
flux without 00 6.271387851492373
full flux: 6.2803531845326015
8.006576776504517
iteration 1, error = 1.5576964487681624
iteration 2, error = 0.006685353730388027
iteration 3, error = 9.315856119113745e-08
Elapsed time for magnetostatic solution:  9.908097267150879
Saved: 0 65 1 1 85 85 0/65 0/64 
flux without 00 6.271576462217309
full flux: 6.280557044976531
8.03975248336792
iteration 1, error = 1.5273975731406284
iteration 2, error = 0.006443409716009352
iteration 3, error = 8.534682345194426e-08
Elapsed time for magnetostatic solution:  9.912293195724487
Saved: 0 66 1 1 85 85 0/66 0/65 
flux without 00 6.271756528753414
full flux: 6.280752641648274
8.03816533088684
iteration 1, error = 1.4981588609039056
iteration 2, error = 0.006216357435664201
iteration 3, error = 7.867851068369661e-08
Elapsed time for magnetostatic solution:  9.896183490753174
Saved: 0 67 1 1 85 85 0/67 0/66 
flux without 00 6.2719283960456025
full flux: 6.280940234983705
8.026577472686768
iteration 1, error = 1.469926366249325
iteration 2, error = 0.0060030873079345405
iteration 3, error = 7.30482038393655e-08
Elapsed time for magnetostatic solution:  9.912092208862305
Saved: 0 68 1 1 85 85 0/68 0/67 
flux without 00 6.272092399809306
full flux: 6.281120084635629
8.035821437835693
iteration 1, error = 1.4426497531597504
iteration 2, error = 0.005802552618005576
iteration 3, error = 6.832136897209247e-08
Elapsed time for magnetostatic solution:  9.926889181137085
Saved: 0 69 1 1 85 85 0/69 0/68 
flux without 00 6.272248869855252
full flux: 6.281292455063333
8.032941341400146
iteration 1, error = 1.416281979834677
iteration 2, error = 0.0056137711094298
iteration 3, error = 6.434595028158074e-08
Elapsed time for magnetostatic solution:  9.920228719711304
Saved: 0 70 1 1 85 85 0/70 0/69 
flux without 00 6.272398121128304
full flux: 6.281457597101678
7.962688446044922
iteration 1, error = 1.3907790192039986
iteration 2, error = 0.005435825393344365
iteration 3, error = 6.10055786716997e-08
Elapsed time for magnetostatic solution:  9.921631574630737
Saved: 0 71 1 1 85 85 0/71 0/70 
flux without 00 6.272540464647376
full flux: 6.281615771609046
8.064618825912476
iteration 1, error = 1.3660996105332839
iteration 2, error = 0.005267862343759113
iteration 3, error = 5.8170312989527425e-08
Elapsed time for magnetostatic solution:  9.914845943450928
Saved: 0 72 1 1 85 85 0/72 0/71 
flux without 00 6.272676198023175
full flux: 6.2817672262105315
7.997642278671265
iteration 1, error = 1.3422050378661692
iteration 2, error = 0.005109091671526299
iteration 3, error = 5.575667926123268e-08
Elapsed time for magnetostatic solution:  9.914859533309937
Saved: 0 73 1 1 85 85 0/73 0/72 
flux without 00 6.272805612033546
full flux: 6.28191221388513
8.040136575698853
iteration 1, error = 1.3190589316848995
iteration 2, error = 0.00495878383919022
iteration 3, error = 5.3640169063170487e-08
Elapsed time for magnetostatic solution:  9.920688390731812
Saved: 0 74 1 1 85 85 0/74 0/73 
flux without 00 6.272928984998652
full flux: 6.282050972479508
8.020440101623535
iteration 1, error = 1.2966270907130029
iteration 2, error = 0.004816267480989683
iteration 3, error = 5.177178637086094e-08
Elapsed time for magnetostatic solution:  9.916106939315796
Saved: 0 75 1 1 85 85 0/75 0/74 
flux without 00 6.273046585485849
full flux: 6.2821837388038855
8.060492515563965
iteration 1, error = 1.2748773212479465
iteration 2, error = 0.004680926461441468
iteration 3, error = 5.0085040183385056e-08
Elapsed time for magnetostatic solution:  9.91551923751831
Saved: 0 76 1 1 85 85 0/76 0/75 
flux without 00 6.273158677286808
full flux: 6.282310754201813
8.04906940460205
iteration 1, error = 1.2537792918023618
iteration 2, error = 0.004552196698203445
iteration 3, error = 4.8534721954616936e-08
Elapsed time for magnetostatic solution:  9.912581443786621
Saved: 0 77 1 1 85 85 0/77 0/76 
flux without 00 6.273265506641216
full flux: 6.282432232874012
8.045497179031372
iteration 1, error = 1.2333044011641305
iteration 2, error = 0.004429562848973135
iteration 3, error = 4.708420320783631e-08
Elapsed time for magnetostatic solution:  9.921730756759644
Saved: 0 78 1 1 85 85 0/78 0/77 
flux without 00 6.27336731693833
full flux: 6.282548402061475
8.039297342300415
iteration 1, error = 1.2134256582653422
iteration 2, error = 0.004312554948110448
iteration 3, error = 4.5704874007868576e-08
Elapsed time for magnetostatic solution:  9.92709469795227
Saved: 0 79 1 1 85 85 0/79 0/78 
flux without 00 6.273464337658393
full flux: 6.282659471051936
8.032402515411377
